app/build/intermediates/manifest_merge_blame_file/debug/processDebugMainManifest/manifest-merger-blame-debug-report.txt
1<?xml version="1.0" encoding="utf-8"?>
2<manifest xmlns:android="http://schemas.android.com/apk/res/android"
3    package="com.fitwizard.fitwizard"
4    android:versionCode="1"
5    android:versionName="1.0" >
6
7    <uses-sdk
8        android:minSdkVersion="24"
9        android:targetSdkVersion="35" />
10
11    <uses-permission android:name="android.permission.POST_NOTIFICATIONS" />
11-->src\main\AndroidManifest.xml:7:5-77
11-->src\main\AndroidManifest.xml:7:22-74
12
13    <permission
13-->[androidx.core:core:1.13.0] AndroidManifest.xml:22:5-24:47
14        android:name="com.fitwizard.fitwizard.DYNAMIC_RECEIVER_NOT_EXPORTED_PERMISSION"
14-->[androidx.core:core:1.13.0] AndroidManifest.xml:23:9-81
15        android:protectionLevel="signature" />
15-->[androidx.core:core:1.13.0] AndroidManifest.xml:24:9-44
16
17    <uses-permission android:name="com.fitwizard.fitwizard.DYNAMIC_RECEIVER_NOT_EXPORTED_PERMISSION" />
17-->[androidx.core:core:1.13.0] AndroidManifest.xml:26:5-97
17-->[androidx.core:core:1.13.0] AndroidManifest.xml:26:22-94
18
19    <application
19-->src\main\AndroidManifest.xml:8:5-49:19
20        android:allowBackup="true"
20-->src\main\AndroidManifest.xml:9:9-35
21        android:appComponentFactory="androidx.core.app.CoreComponentFactory"
21-->[androidx.core:core:1.13.0] AndroidManifest.xml:28:18-86
22        android:dataExtractionRules="@xml/data_extraction_rules"
22-->src\main\AndroidManifest.xml:10:9-65
23        android:debuggable="true"
24        android:extractNativeLibs="false"
25        android:fullBackupContent="@xml/backup_rules"
25-->src\main\AndroidManifest.xml:11:9-54
26        android:icon="@mipmap/fitwizard_foreground"
26-->src\main\AndroidManifest.xml:12:9-52
27        android:label="@string/app_name"
27-->src\main\AndroidManifest.xml:13:9-41
28        android:roundIcon="@mipmap/fitwizard_round"
28-->src\main\AndroidManifest.xml:14:9-52
29        android:supportsRtl="true"
29-->src\main\AndroidManifest.xml:15:9-35
30        android:testOnly="true"
31        android:theme="@style/Theme.FitWizard" >
31-->src\main\AndroidManifest.xml:16:9-47
32        <activity
32-->src\main\AndroidManifest.xml:19:9-25:20
33            android:name="Login_Register.LoginActivity"
33-->src\main\AndroidManifest.xml:19:19-62
34            android:exported="true" >
34-->src\main\AndroidManifest.xml:20:13-36
35            <intent-filter>
35-->src\main\AndroidManifest.xml:21:13-24:29
36                <action android:name="android.intent.action.MAIN" />
36-->src\main\AndroidManifest.xml:22:17-69
36-->src\main\AndroidManifest.xml:22:25-66
37
38                <category android:name="android.intent.category.LAUNCHER" />
38-->src\main\AndroidManifest.xml:23:17-77
38-->src\main\AndroidManifest.xml:23:27-74
39            </intent-filter>
40        </activity>
41        <activity android:name="Login_Register.RegisterActivity" />
41-->src\main\AndroidManifest.xml:27:9-68
41-->src\main\AndroidManifest.xml:27:19-65
42        <activity android:name="com.fitwizard.fitwizard.HomeActivity" />
42-->src\main\AndroidManifest.xml:28:9-50
42-->src\main\AndroidManifest.xml:28:19-47
43        <activity android:name="Goals.GoalsActivity" />
43-->src\main\AndroidManifest.xml:29:9-56
43-->src\main\AndroidManifest.xml:29:19-53
44        <activity android:name="Goals.AddEditGoalActivity" />
44-->src\main\AndroidManifest.xml:30:9-62
44-->src\main\AndroidManifest.xml:30:19-59
45        <activity android:name="Medication.AddEditMedicationActivity" />
45-->src\main\AndroidManifest.xml:31:9-73
45-->src\main\AndroidManifest.xml:31:19-70
46        <activity android:name="Medication.MedicationActivity" />
46-->src\main\AndroidManifest.xml:32:9-66
46-->src\main\AndroidManifest.xml:32:19-63
47        <activity android:name="Exercise_Logging.ExerciseHistoryActivity" />
47-->src\main\AndroidManifest.xml:33:9-77
47-->src\main\AndroidManifest.xml:33:19-74
48        <activity android:name="Exercise_Logging.ExerciseLogActivity" />
48-->src\main\AndroidManifest.xml:34:9-74
48-->src\main\AndroidManifest.xml:34:19-70
49
50        <!-- Define the HomeActivity as the main entry point -->
51        <activity android:name="Recipe_Logging.FoodLogActivity" />
51-->src\main\AndroidManifest.xml:39:5-63
51-->src\main\AndroidManifest.xml:39:15-60
52        <activity android:name="com.fitwizard.fitwizard.ProfileActivity" />
52-->src\main\AndroidManifest.xml:40:9-53
52-->src\main\AndroidManifest.xml:40:19-50
53        <activity android:name="Recipe_Logging.FoodSearchActivity" />
53-->src\main\AndroidManifest.xml:41:9-70
53-->src\main\AndroidManifest.xml:41:19-67
54        <activity android:name="Mood.MoodActivity" />
54-->src\main\AndroidManifest.xml:42:9-54
54-->src\main\AndroidManifest.xml:42:19-51
55        <activity android:name="Mood.MoodJournalActivity" />
55-->src\main\AndroidManifest.xml:43:9-61
55-->src\main\AndroidManifest.xml:43:19-58
56
57        <receiver
57-->src\main\AndroidManifest.xml:45:9-46:39
58            android:name="Goals.GoalReminderReceiver"
58-->src\main\AndroidManifest.xml:45:19-60
59            android:exported="true" />
59-->src\main\AndroidManifest.xml:46:13-36
60
61        <provider
61-->[androidx.emoji2:emoji2:1.3.0] AndroidManifest.xml:24:9-32:20
62            android:name="androidx.startup.InitializationProvider"
62-->[androidx.emoji2:emoji2:1.3.0] AndroidManifest.xml:25:13-67
63            android:authorities="com.fitwizard.fitwizard.androidx-startup"
63-->[androidx.emoji2:emoji2:1.3.0] AndroidManifest.xml:26:13-68
64            android:exported="false" >
64-->[androidx.emoji2:emoji2:1.3.0] AndroidManifest.xml:27:13-37
65            <meta-data
65-->[androidx.emoji2:emoji2:1.3.0] AndroidManifest.xml:29:13-31:52
66                android:name="androidx.emoji2.text.EmojiCompatInitializer"
66-->[androidx.emoji2:emoji2:1.3.0] AndroidManifest.xml:30:17-75
67                android:value="androidx.startup" />
67-->[androidx.emoji2:emoji2:1.3.0] AndroidManifest.xml:31:17-49
68            <meta-data
68-->[androidx.lifecycle:lifecycle-process:2.6.2] AndroidManifest.xml:29:13-31:52
69                android:name="androidx.lifecycle.ProcessLifecycleInitializer"
69-->[androidx.lifecycle:lifecycle-process:2.6.2] AndroidManifest.xml:30:17-78
70                android:value="androidx.startup" />
70-->[androidx.lifecycle:lifecycle-process:2.6.2] AndroidManifest.xml:31:17-49
71            <meta-data
71-->[androidx.profileinstaller:profileinstaller:1.4.0] AndroidManifest.xml:29:13-31:52
72                android:name="androidx.profileinstaller.ProfileInstallerInitializer"
72-->[androidx.profileinstaller:profileinstaller:1.4.0] AndroidManifest.xml:30:17-85
73                android:value="androidx.startup" />
73-->[androidx.profileinstaller:profileinstaller:1.4.0] AndroidManifest.xml:31:17-49
74        </provider>
75
76        <receiver
76-->[androidx.profileinstaller:profileinstaller:1.4.0] AndroidManifest.xml:34:9-52:20
77            android:name="androidx.profileinstaller.ProfileInstallReceiver"
77-->[androidx.profileinstaller:profileinstaller:1.4.0] AndroidManifest.xml:35:13-76
78            android:directBootAware="false"
78-->[androidx.profileinstaller:profileinstaller:1.4.0] AndroidManifest.xml:36:13-44
79            android:enabled="true"
79-->[androidx.profileinstaller:profileinstaller:1.4.0] AndroidManifest.xml:37:13-35
80            android:exported="true"
80-->[androidx.profileinstaller:profileinstaller:1.4.0] AndroidManifest.xml:38:13-36
81            android:permission="android.permission.DUMP" >
81-->[androidx.profileinstaller:profileinstaller:1.4.0] AndroidManifest.xml:39:13-57
82            <intent-filter>
82-->[androidx.profileinstaller:profileinstaller:1.4.0] AndroidManifest.xml:40:13-42:29
83                <action android:name="androidx.profileinstaller.action.INSTALL_PROFILE" />
83-->[androidx.profileinstaller:profileinstaller:1.4.0] AndroidManifest.xml:41:17-91
83-->[androidx.profileinstaller:profileinstaller:1.4.0] AndroidManifest.xml:41:25-88
84            </intent-filter>
85            <intent-filter>
85-->[androidx.profileinstaller:profileinstaller:1.4.0] AndroidManifest.xml:43:13-45:29
86                <action android:name="androidx.profileinstaller.action.SKIP_FILE" />
86-->[androidx.profileinstaller:profileinstaller:1.4.0] AndroidManifest.xml:44:17-85
86-->[androidx.profileinstaller:profileinstaller:1.4.0] AndroidManifest.xml:44:25-82
87            </intent-filter>
88            <intent-filter>
88-->[androidx.profileinstaller:profileinstaller:1.4.0] AndroidManifest.xml:46:13-48:29
89                <action android:name="androidx.profileinstaller.action.SAVE_PROFILE" />
89-->[androidx.profileinstaller:profileinstaller:1.4.0] AndroidManifest.xml:47:17-88
89-->[androidx.profileinstaller:profileinstaller:1.4.0] AndroidManifest.xml:47:25-85
90            </intent-filter>
91            <intent-filter>
91-->[androidx.profileinstaller:profileinstaller:1.4.0] AndroidManifest.xml:49:13-51:29
92                <action android:name="androidx.profileinstaller.action.BENCHMARK_OPERATION" />
92-->[androidx.profileinstaller:profileinstaller:1.4.0] AndroidManifest.xml:50:17-95
92-->[androidx.profileinstaller:profileinstaller:1.4.0] AndroidManifest.xml:50:25-92
93            </intent-filter>
94        </receiver>
95    </application>
96
97</manifest>